2025-05-07 14:16:28 [main] INFO  c.b.q.QuestionServiceApplicationTests - Starting QuestionServiceApplicationTests using Java 21.0.6 with PID 6488 (started by HP in D:\Services\question-service\question-service)
2025-05-07 14:16:28 [main] INFO  c.b.q.QuestionServiceApplicationTests - No active profile set, falling back to 1 default profile: "default"
2025-05-07 14:16:28 [main] DEBUG o.s.w.c.s.GenericWebApplicationContext - Refreshing org.springframework.web.context.support.GenericWebApplicationContext@185f7840
2025-05-07 14:16:29 [main] INFO  o.s.d.r.c.RepositoryConfigurationDelegate - Bootstrapping Spring Data JPA repositories in DEFAULT mode.
2025-05-07 14:16:29 [main] INFO  o.s.d.r.c.RepositoryConfigurationDelegate - Finished Spring Data repository scanning in 143 ms. Found 1 JPA repository interface.
2025-05-07 14:16:29 [main] INFO  o.s.cloud.context.scope.GenericScope - BeanFactory id=93f18950-9cd7-383c-893b-451c94ea1eae
2025-05-07 14:16:29 [main] INFO  o.h.jpa.internal.util.LogHelper - HHH000204: Processing PersistenceUnitInfo [name: default]
2025-05-07 14:16:29 [main] INFO  org.hibernate.Version - HHH000412: Hibernate ORM core version 6.6.11.Final
2025-05-07 14:16:30 [main] INFO  o.h.c.i.RegionFactoryInitiator - HHH000026: Second-level cache disabled
2025-05-07 14:16:30 [main] INFO  o.s.o.j.p.SpringPersistenceUnitInfo - No LoadTimeWeaver setup: ignoring JPA class transformer
2025-05-07 14:16:30 [main] INFO  com.zaxxer.hikari.HikariDataSource - HikariPool-1 - Starting...
2025-05-07 14:16:37 [main] INFO  com.zaxxer.hikari.pool.HikariPool - HikariPool-1 - Added connection com.mysql.cj.jdbc.ConnectionImpl@7c0b0bd9
2025-05-07 14:16:37 [main] INFO  com.zaxxer.hikari.HikariDataSource - HikariPool-1 - Start completed.
2025-05-07 14:16:37 [main] WARN  org.hibernate.orm.deprecation - HHH90000025: MySQL8Dialect does not need to be specified explicitly using 'hibernate.dialect' (remove the property setting and it will be selected by default)
2025-05-07 14:16:37 [main] WARN  org.hibernate.orm.deprecation - HHH90000026: MySQL8Dialect has been deprecated; use org.hibernate.dialect.MySQLDialect instead
2025-05-07 14:16:37 [main] INFO  o.hibernate.orm.connections.pooling - HHH10001005: Database info:
	Database JDBC URL [Connecting through datasource 'HikariDataSource (HikariPool-1)']
	Database driver: undefined/unknown
	Database version: 8.0
	Autocommit mode: undefined/unknown
	Isolation level: undefined/unknown
	Minimum pool size: undefined/unknown
	Maximum pool size: undefined/unknown
2025-05-07 14:16:38 [main] INFO  o.h.e.t.j.p.i.JtaPlatformInitiator - HHH000489: No JTA platform available (set 'hibernate.transaction.jta.platform' to enable JTA platform integration)
2025-05-07 14:16:38 [main] INFO  o.s.o.j.LocalContainerEntityManagerFactoryBean - Initialized JPA EntityManagerFactory for persistence unit 'default'
2025-05-07 14:16:39 [main] INFO  o.s.d.j.r.query.QueryEnhancerFactory - Hibernate is in classpath; If applicable, HQL parser will be used.
2025-05-07 14:16:39 [main] WARN  o.s.b.a.o.j.JpaBaseConfiguration$JpaWebConfiguration - spring.jpa.open-in-view is enabled by default. Therefore, database queries may be performed during view rendering. Explicitly configure spring.jpa.open-in-view to disable this warning
2025-05-07 14:16:39 [main] DEBUG o.s.w.s.m.m.a.RequestMappingHandlerMapping - 8 mappings in 'requestMappingHandlerMapping'
2025-05-07 14:16:39 [main] DEBUG o.s.w.s.h.SimpleUrlHandlerMapping - Patterns [/webjars/**, /**] in 'resourceHandlerMapping'
2025-05-07 14:16:39 [main] DEBUG o.s.w.s.m.m.a.RequestMappingHandlerAdapter - ControllerAdvice beans: 0 @ModelAttribute, 0 @InitBinder, 1 RequestBodyAdvice, 1 ResponseBodyAdvice
2025-05-07 14:16:39 [main] DEBUG o.s.w.s.m.m.a.ExceptionHandlerExceptionResolver - ControllerAdvice beans: 0 @ExceptionHandler, 1 ResponseBodyAdvice
2025-05-07 14:16:40 [main] INFO  o.s.c.n.e.c.DiscoveryClientOptionalArgsConfiguration - Eureka HTTP Client uses RestTemplate.
2025-05-07 14:16:40 [main] WARN  o.s.c.l.c.LoadBalancerCacheAutoConfiguration$LoadBalancerCaffeineWarnLogger - Spring Cloud LoadBalancer is currently working with the default cache. While this cache implementation is useful for development and tests, it's recommended to use Caffeine cache in production.You can switch to using Caffeine cache, by adding it and org.springframework.cache.caffeine.CaffeineCacheManager to the classpath.
2025-05-07 14:16:40 [main] INFO  o.s.c.n.eureka.InstanceInfoFactory - Setting initial instance status as: STARTING
2025-05-07 14:16:40 [main] INFO  c.netflix.discovery.DiscoveryClient - Initializing Eureka in region us-east-1
2025-05-07 14:16:40 [main] INFO  c.n.d.s.r.aws.ConfigClusterResolver - Resolving eureka endpoints via configuration
2025-05-07 14:16:40 [main] INFO  c.netflix.discovery.DiscoveryClient - Disable delta property : false
2025-05-07 14:16:40 [main] INFO  c.netflix.discovery.DiscoveryClient - Single vip registry refresh property : null
2025-05-07 14:16:40 [main] INFO  c.netflix.discovery.DiscoveryClient - Force full registry fetch : false
2025-05-07 14:16:40 [main] INFO  c.netflix.discovery.DiscoveryClient - Application is null : false
2025-05-07 14:16:40 [main] INFO  c.netflix.discovery.DiscoveryClient - Registered Applications size is zero : true
2025-05-07 14:16:40 [main] INFO  c.netflix.discovery.DiscoveryClient - Application version is -1: true
2025-05-07 14:16:40 [main] INFO  c.netflix.discovery.DiscoveryClient - Getting all instance registry info from the eureka server
2025-05-07 14:16:40 [main] DEBUG o.s.web.client.RestTemplate - HTTP GET http://3.111.42.177:8761/eureka/apps/
2025-05-07 14:16:40 [main] DEBUG o.s.web.client.RestTemplate - Accept=[application/json, application/*+json]
2025-05-07 14:16:40 [main] DEBUG o.s.web.client.RestTemplate - Response 200 OK
2025-05-07 14:16:40 [main] DEBUG o.s.web.client.RestTemplate - Reading to [org.springframework.cloud.netflix.eureka.http.EurekaApplications]
2025-05-07 14:16:40 [main] INFO  c.netflix.discovery.DiscoveryClient - The response status is 200
2025-05-07 14:16:40 [main] INFO  c.netflix.discovery.DiscoveryClient - Starting heartbeat executor: renew interval is: 30
2025-05-07 14:16:40 [main] INFO  c.n.discovery.InstanceInfoReplicator - InstanceInfoReplicator onDemand update allowed rate per min is 4
2025-05-07 14:16:40 [main] INFO  c.netflix.discovery.DiscoveryClient - Discovery Client initialized at timestamp 1746607600978 with initial instances count: 3
2025-05-07 14:16:40 [main] INFO  o.s.c.n.e.s.EurekaServiceRegistry - Registering application QUESTION-SERVICE with eureka with status UP
2025-05-07 14:16:40 [main] INFO  c.netflix.discovery.DiscoveryClient - Saw local status change event StatusChangeEvent [timestamp=1746607600985, current=UP, previous=STARTING]
2025-05-07 14:16:40 [DiscoveryClient-InstanceInfoReplicator-%d] INFO  c.netflix.discovery.DiscoveryClient - DiscoveryClient_QUESTION-SERVICE/host.docker.internal:question-service:5000: registering service...
2025-05-07 14:16:40 [DiscoveryClient-InstanceInfoReplicator-%d] DEBUG o.s.web.client.RestTemplate - HTTP POST http://3.111.42.177:8761/eureka/apps/QUESTION-SERVICE
2025-05-07 14:16:40 [DiscoveryClient-InstanceInfoReplicator-%d] DEBUG o.s.web.client.RestTemplate - Accept=[application/json, application/*+json]
2025-05-07 14:16:41 [main] INFO  c.b.q.QuestionServiceApplicationTests - Started QuestionServiceApplicationTests in 13.464 seconds (process running for 15.139)
2025-05-07 14:16:41 [DiscoveryClient-InstanceInfoReplicator-%d] DEBUG o.s.web.client.RestTemplate - Writing [InstanceInfo [instanceId = host.docker.internal:question-service:5000, appName = QUESTION-SERVICE, hostName = host.docker.internal, status = UP, ipAddr = 172.16.233.177, port = 5000, securePort = 443, dataCenterInfo = com.netflix.appinfo.MyDataCenterInfo@6f2e0945] as "application/json"
2025-05-07 14:16:41 [DiscoveryClient-InstanceInfoReplicator-%d] DEBUG o.s.web.client.RestTemplate - Response 204 NO_CONTENT
2025-05-07 14:16:41 [DiscoveryClient-InstanceInfoReplicator-%d] INFO  c.netflix.discovery.DiscoveryClient - DiscoveryClient_QUESTION-SERVICE/host.docker.internal:question-service:5000 - registration status: 204
2025-05-07 14:16:41 [SpringApplicationShutdownHook] DEBUG o.s.w.c.s.GenericWebApplicationContext - Closing org.springframework.web.context.support.GenericWebApplicationContext@185f7840, started on Wed May 07 14:16:28 IST 2025
2025-05-07 14:16:41 [SpringApplicationShutdownHook] INFO  o.s.c.n.e.s.EurekaServiceRegistry - Unregistering application QUESTION-SERVICE with eureka with status DOWN
2025-05-07 14:16:41 [SpringApplicationShutdownHook] INFO  c.netflix.discovery.DiscoveryClient - Saw local status change event StatusChangeEvent [timestamp=1746607601731, current=DOWN, previous=UP]
2025-05-07 14:16:41 [DiscoveryClient-InstanceInfoReplicator-%d] INFO  c.netflix.discovery.DiscoveryClient - DiscoveryClient_QUESTION-SERVICE/host.docker.internal:question-service:5000: registering service...
2025-05-07 14:16:41 [DiscoveryClient-InstanceInfoReplicator-%d] DEBUG o.s.web.client.RestTemplate - HTTP POST http://3.111.42.177:8761/eureka/apps/QUESTION-SERVICE
2025-05-07 14:16:41 [DiscoveryClient-InstanceInfoReplicator-%d] DEBUG o.s.web.client.RestTemplate - Accept=[application/json, application/*+json]
2025-05-07 14:16:41 [DiscoveryClient-InstanceInfoReplicator-%d] DEBUG o.s.web.client.RestTemplate - Writing [InstanceInfo [instanceId = host.docker.internal:question-service:5000, appName = QUESTION-SERVICE, hostName = host.docker.internal, status = DOWN, ipAddr = 172.16.233.177, port = 5000, securePort = 443, dataCenterInfo = com.netflix.appinfo.MyDataCenterInfo@6f2e0945] as "application/json"
2025-05-07 14:16:41 [SpringApplicationShutdownHook] INFO  o.s.o.j.LocalContainerEntityManagerFactoryBean - Closing JPA EntityManagerFactory for persistence unit 'default'
2025-05-07 14:16:41 [SpringApplicationShutdownHook] INFO  com.zaxxer.hikari.HikariDataSource - HikariPool-1 - Shutdown initiated...
2025-05-07 14:16:41 [DiscoveryClient-InstanceInfoReplicator-%d] DEBUG o.s.web.client.RestTemplate - Response 204 NO_CONTENT
2025-05-07 14:16:41 [DiscoveryClient-InstanceInfoReplicator-%d] INFO  c.netflix.discovery.DiscoveryClient - DiscoveryClient_QUESTION-SERVICE/host.docker.internal:question-service:5000 - registration status: 204
2025-05-07 14:16:41 [SpringApplicationShutdownHook] INFO  com.zaxxer.hikari.HikariDataSource - HikariPool-1 - Shutdown completed.
2025-05-07 14:16:41 [SpringApplicationShutdownHook] INFO  c.netflix.discovery.DiscoveryClient - Shutting down DiscoveryClient ...
2025-05-07 14:16:44 [SpringApplicationShutdownHook] INFO  c.netflix.discovery.DiscoveryClient - Unregistering ...
2025-05-07 14:16:44 [SpringApplicationShutdownHook] DEBUG o.s.web.client.RestTemplate - HTTP DELETE http://3.111.42.177:8761/eureka/apps/QUESTION-SERVICE/host.docker.internal:question-service:5000
2025-05-07 14:16:44 [SpringApplicationShutdownHook] DEBUG o.s.web.client.RestTemplate - Accept=[application/json, application/*+json]
2025-05-07 14:16:45 [SpringApplicationShutdownHook] DEBUG o.s.web.client.RestTemplate - Response 200 OK
2025-05-07 14:16:45 [SpringApplicationShutdownHook] INFO  c.netflix.discovery.DiscoveryClient - DiscoveryClient_QUESTION-SERVICE/host.docker.internal:question-service:5000 - deregister  status: 200
2025-05-07 14:16:45 [SpringApplicationShutdownHook] INFO  c.netflix.discovery.DiscoveryClient - Completed shut down of DiscoveryClient
2025-05-07 15:21:46 [main] INFO  c.b.q.QuestionServiceApplicationTests - Starting QuestionServiceApplicationTests using Java 21.0.6 with PID 17368 (started by HP in D:\Services\question-service\question-service)
2025-05-07 15:21:47 [main] INFO  c.b.q.QuestionServiceApplicationTests - No active profile set, falling back to 1 default profile: "default"
2025-05-07 15:21:47 [main] DEBUG o.s.w.c.s.GenericWebApplicationContext - Refreshing org.springframework.web.context.support.GenericWebApplicationContext@7ec58feb
2025-05-07 15:21:48 [main] INFO  o.s.d.r.c.RepositoryConfigurationDelegate - Bootstrapping Spring Data JPA repositories in DEFAULT mode.
2025-05-07 15:21:48 [main] INFO  o.s.d.r.c.RepositoryConfigurationDelegate - Finished Spring Data repository scanning in 154 ms. Found 1 JPA repository interface.
2025-05-07 15:21:48 [main] INFO  o.s.cloud.context.scope.GenericScope - BeanFactory id=93f18950-9cd7-383c-893b-451c94ea1eae
2025-05-07 15:21:48 [main] INFO  o.h.jpa.internal.util.LogHelper - HHH000204: Processing PersistenceUnitInfo [name: default]
2025-05-07 15:21:49 [main] INFO  org.hibernate.Version - HHH000412: Hibernate ORM core version 6.6.11.Final
2025-05-07 15:21:49 [main] INFO  o.h.c.i.RegionFactoryInitiator - HHH000026: Second-level cache disabled
2025-05-07 15:21:49 [main] INFO  o.s.o.j.p.SpringPersistenceUnitInfo - No LoadTimeWeaver setup: ignoring JPA class transformer
2025-05-07 15:21:49 [main] INFO  com.zaxxer.hikari.HikariDataSource - HikariPool-1 - Starting...
2025-05-07 15:21:50 [main] INFO  com.zaxxer.hikari.pool.HikariPool - HikariPool-1 - Added connection com.mysql.cj.jdbc.ConnectionImpl@6297cb4b
2025-05-07 15:21:50 [main] INFO  com.zaxxer.hikari.HikariDataSource - HikariPool-1 - Start completed.
2025-05-07 15:21:50 [main] WARN  org.hibernate.orm.deprecation - HHH90000025: MySQL8Dialect does not need to be specified explicitly using 'hibernate.dialect' (remove the property setting and it will be selected by default)
2025-05-07 15:21:50 [main] WARN  org.hibernate.orm.deprecation - HHH90000026: MySQL8Dialect has been deprecated; use org.hibernate.dialect.MySQLDialect instead
2025-05-07 15:21:50 [main] INFO  o.hibernate.orm.connections.pooling - HHH10001005: Database info:
	Database JDBC URL [Connecting through datasource 'HikariDataSource (HikariPool-1)']
	Database driver: undefined/unknown
	Database version: 8.0
	Autocommit mode: undefined/unknown
	Isolation level: undefined/unknown
	Minimum pool size: undefined/unknown
	Maximum pool size: undefined/unknown
2025-05-07 15:21:51 [main] INFO  o.h.e.t.j.p.i.JtaPlatformInitiator - HHH000489: No JTA platform available (set 'hibernate.transaction.jta.platform' to enable JTA platform integration)
2025-05-07 15:21:52 [main] INFO  o.s.o.j.LocalContainerEntityManagerFactoryBean - Initialized JPA EntityManagerFactory for persistence unit 'default'
2025-05-07 15:21:52 [main] INFO  o.s.d.j.r.query.QueryEnhancerFactory - Hibernate is in classpath; If applicable, HQL parser will be used.
2025-05-07 15:21:52 [main] WARN  o.s.b.a.o.j.JpaBaseConfiguration$JpaWebConfiguration - spring.jpa.open-in-view is enabled by default. Therefore, database queries may be performed during view rendering. Explicitly configure spring.jpa.open-in-view to disable this warning
2025-05-07 15:21:53 [main] DEBUG o.s.w.s.m.m.a.RequestMappingHandlerMapping - 8 mappings in 'requestMappingHandlerMapping'
2025-05-07 15:21:53 [main] DEBUG o.s.w.s.h.SimpleUrlHandlerMapping - Patterns [/webjars/**, /**] in 'resourceHandlerMapping'
2025-05-07 15:21:53 [main] DEBUG o.s.w.s.m.m.a.RequestMappingHandlerAdapter - ControllerAdvice beans: 0 @ModelAttribute, 0 @InitBinder, 1 RequestBodyAdvice, 1 ResponseBodyAdvice
2025-05-07 15:21:53 [main] DEBUG o.s.w.s.m.m.a.ExceptionHandlerExceptionResolver - ControllerAdvice beans: 0 @ExceptionHandler, 1 ResponseBodyAdvice
2025-05-07 15:21:53 [main] INFO  o.s.c.n.e.c.DiscoveryClientOptionalArgsConfiguration - Eureka HTTP Client uses RestTemplate.
2025-05-07 15:21:53 [main] WARN  o.s.c.l.c.LoadBalancerCacheAutoConfiguration$LoadBalancerCaffeineWarnLogger - Spring Cloud LoadBalancer is currently working with the default cache. While this cache implementation is useful for development and tests, it's recommended to use Caffeine cache in production.You can switch to using Caffeine cache, by adding it and org.springframework.cache.caffeine.CaffeineCacheManager to the classpath.
2025-05-07 15:21:53 [main] INFO  o.s.c.n.eureka.InstanceInfoFactory - Setting initial instance status as: STARTING
2025-05-07 15:21:53 [main] INFO  c.netflix.discovery.DiscoveryClient - Initializing Eureka in region us-east-1
2025-05-07 15:21:53 [main] INFO  c.n.d.s.r.aws.ConfigClusterResolver - Resolving eureka endpoints via configuration
2025-05-07 15:21:53 [main] INFO  c.netflix.discovery.DiscoveryClient - Disable delta property : false
2025-05-07 15:21:53 [main] INFO  c.netflix.discovery.DiscoveryClient - Single vip registry refresh property : null
2025-05-07 15:21:53 [main] INFO  c.netflix.discovery.DiscoveryClient - Force full registry fetch : false
2025-05-07 15:21:53 [main] INFO  c.netflix.discovery.DiscoveryClient - Application is null : false
2025-05-07 15:21:53 [main] INFO  c.netflix.discovery.DiscoveryClient - Registered Applications size is zero : true
2025-05-07 15:21:53 [main] INFO  c.netflix.discovery.DiscoveryClient - Application version is -1: true
2025-05-07 15:21:53 [main] INFO  c.netflix.discovery.DiscoveryClient - Getting all instance registry info from the eureka server
2025-05-07 15:21:53 [main] DEBUG o.s.web.client.RestTemplate - HTTP GET http://3.111.42.177:8761/eureka/apps/
2025-05-07 15:21:54 [main] DEBUG o.s.web.client.RestTemplate - Accept=[application/json, application/*+json]
2025-05-07 15:21:54 [main] DEBUG o.s.web.client.RestTemplate - Response 200 OK
2025-05-07 15:21:54 [main] DEBUG o.s.web.client.RestTemplate - Reading to [org.springframework.cloud.netflix.eureka.http.EurekaApplications]
2025-05-07 15:21:54 [main] INFO  c.netflix.discovery.DiscoveryClient - The response status is 200
2025-05-07 15:21:54 [main] INFO  c.netflix.discovery.DiscoveryClient - Starting heartbeat executor: renew interval is: 30
2025-05-07 15:21:54 [main] INFO  c.n.discovery.InstanceInfoReplicator - InstanceInfoReplicator onDemand update allowed rate per min is 4
2025-05-07 15:21:54 [main] INFO  c.netflix.discovery.DiscoveryClient - Discovery Client initialized at timestamp 1746611514253 with initial instances count: 3
2025-05-07 15:21:54 [main] INFO  o.s.c.n.e.s.EurekaServiceRegistry - Registering application QUESTION-SERVICE with eureka with status UP
2025-05-07 15:21:54 [main] INFO  c.netflix.discovery.DiscoveryClient - Saw local status change event StatusChangeEvent [timestamp=1746611514259, current=UP, previous=STARTING]
2025-05-07 15:21:54 [DiscoveryClient-InstanceInfoReplicator-%d] INFO  c.netflix.discovery.DiscoveryClient - DiscoveryClient_QUESTION-SERVICE/host.docker.internal:question-service:5000: registering service...
2025-05-07 15:21:54 [main] INFO  c.b.q.QuestionServiceApplicationTests - Started QuestionServiceApplicationTests in 7.836 seconds (process running for 9.701)
2025-05-07 15:21:54 [DiscoveryClient-InstanceInfoReplicator-%d] DEBUG o.s.web.client.RestTemplate - HTTP POST http://3.111.42.177:8761/eureka/apps/QUESTION-SERVICE
2025-05-07 15:21:54 [DiscoveryClient-InstanceInfoReplicator-%d] DEBUG o.s.web.client.RestTemplate - Accept=[application/json, application/*+json]
2025-05-07 15:21:54 [DiscoveryClient-InstanceInfoReplicator-%d] DEBUG o.s.web.client.RestTemplate - Writing [InstanceInfo [instanceId = host.docker.internal:question-service:5000, appName = QUESTION-SERVICE, hostName = host.docker.internal, status = UP, ipAddr = 172.16.233.177, port = 5000, securePort = 443, dataCenterInfo = com.netflix.appinfo.MyDataCenterInfo@72a45b71] as "application/json"
2025-05-07 15:21:54 [DiscoveryClient-InstanceInfoReplicator-%d] DEBUG o.s.web.client.RestTemplate - Response 204 NO_CONTENT
2025-05-07 15:21:54 [DiscoveryClient-InstanceInfoReplicator-%d] INFO  c.netflix.discovery.DiscoveryClient - DiscoveryClient_QUESTION-SERVICE/host.docker.internal:question-service:5000 - registration status: 204
2025-05-07 15:21:54 [SpringApplicationShutdownHook] DEBUG o.s.w.c.s.GenericWebApplicationContext - Closing org.springframework.web.context.support.GenericWebApplicationContext@7ec58feb, started on Wed May 07 15:21:47 IST 2025
2025-05-07 15:21:54 [SpringApplicationShutdownHook] INFO  o.s.c.n.e.s.EurekaServiceRegistry - Unregistering application QUESTION-SERVICE with eureka with status DOWN
2025-05-07 15:21:54 [SpringApplicationShutdownHook] INFO  c.netflix.discovery.DiscoveryClient - Saw local status change event StatusChangeEvent [timestamp=1746611514954, current=DOWN, previous=UP]
2025-05-07 15:21:54 [DiscoveryClient-InstanceInfoReplicator-%d] INFO  c.netflix.discovery.DiscoveryClient - DiscoveryClient_QUESTION-SERVICE/host.docker.internal:question-service:5000: registering service...
2025-05-07 15:21:54 [DiscoveryClient-InstanceInfoReplicator-%d] DEBUG o.s.web.client.RestTemplate - HTTP POST http://3.111.42.177:8761/eureka/apps/QUESTION-SERVICE
2025-05-07 15:21:54 [DiscoveryClient-InstanceInfoReplicator-%d] DEBUG o.s.web.client.RestTemplate - Accept=[application/json, application/*+json]
2025-05-07 15:21:54 [DiscoveryClient-InstanceInfoReplicator-%d] DEBUG o.s.web.client.RestTemplate - Writing [InstanceInfo [instanceId = host.docker.internal:question-service:5000, appName = QUESTION-SERVICE, hostName = host.docker.internal, status = DOWN, ipAddr = 172.16.233.177, port = 5000, securePort = 443, dataCenterInfo = com.netflix.appinfo.MyDataCenterInfo@72a45b71] as "application/json"
2025-05-07 15:21:54 [SpringApplicationShutdownHook] INFO  o.s.o.j.LocalContainerEntityManagerFactoryBean - Closing JPA EntityManagerFactory for persistence unit 'default'
2025-05-07 15:21:54 [SpringApplicationShutdownHook] INFO  com.zaxxer.hikari.HikariDataSource - HikariPool-1 - Shutdown initiated...
2025-05-07 15:21:55 [DiscoveryClient-InstanceInfoReplicator-%d] DEBUG o.s.web.client.RestTemplate - Response 204 NO_CONTENT
2025-05-07 15:21:55 [DiscoveryClient-InstanceInfoReplicator-%d] INFO  c.netflix.discovery.DiscoveryClient - DiscoveryClient_QUESTION-SERVICE/host.docker.internal:question-service:5000 - registration status: 204
2025-05-07 15:21:55 [SpringApplicationShutdownHook] INFO  com.zaxxer.hikari.HikariDataSource - HikariPool-1 - Shutdown completed.
2025-05-07 15:21:55 [SpringApplicationShutdownHook] INFO  c.netflix.discovery.DiscoveryClient - Shutting down DiscoveryClient ...
2025-05-07 15:21:58 [SpringApplicationShutdownHook] INFO  c.netflix.discovery.DiscoveryClient - Unregistering ...
2025-05-07 15:21:58 [SpringApplicationShutdownHook] DEBUG o.s.web.client.RestTemplate - HTTP DELETE http://3.111.42.177:8761/eureka/apps/QUESTION-SERVICE/host.docker.internal:question-service:5000
2025-05-07 15:21:58 [SpringApplicationShutdownHook] DEBUG o.s.web.client.RestTemplate - Accept=[application/json, application/*+json]
2025-05-07 15:21:58 [SpringApplicationShutdownHook] DEBUG o.s.web.client.RestTemplate - Response 200 OK
2025-05-07 15:21:58 [SpringApplicationShutdownHook] INFO  c.netflix.discovery.DiscoveryClient - DiscoveryClient_QUESTION-SERVICE/host.docker.internal:question-service:5000 - deregister  status: 200
2025-05-07 15:21:58 [SpringApplicationShutdownHook] INFO  c.netflix.discovery.DiscoveryClient - Completed shut down of DiscoveryClient
